<?xml version="1.0" encoding="UTF-8"?>
<!-- Generated by org.testng.reporters.JUnitXMLReporter -->
<testsuite ignored="0" hostname="WKWZT9RwZdhxh2P" failures="0" tests="24" name="Test1" time="61.857" errors="0" timestamp="2022-11-22T21:13:25 IST">
  <testcase classname="AllClasses.DatePicker" name="Date" time="8.305"/>
  <testcase classname="AllClasses.DragDropExample" name="Drag" time="11.096"/>
  <testcase classname="AllClasses.HandleAuto_Suggestions" name="HandleAuto" time="6.446"/>
  <testcase classname="AllClasses.HandleFrames" name="Handleframes" time="4.063"/>
  <testcase classname="AllClasses.HandleMultipleWindow2" name="Handle" time="20.502"/>
  <testcase classname="AllClasses.ExplicitWaitDemo" name="Explicit" time="21.726"/>
  <testcase classname="AllClasses.HandleDynamic_Elements" name="Handle" time="23.158"/>
  <testcase classname="AllClasses.MyFirstSelenium_Script" name="Selenium" time="4.42"/>
  <testcase classname="AllClasses.HandleMultipleWindow" name="MultipleWindow" time="10.191"/>
  <testcase classname="AllClasses.MyFirstTestNGTest2" name="createAccount" time="0.0"/>
  <testcase classname="AllClasses.MyFirstTestNGTest2" name="deleteAccount" time="0.0"/>
  <testcase classname="AllClasses.MyFirstTestNGTest2" name="login" time="0.0"/>
  <testcase classname="AllClasses.MyFirstTestNGTest2" name="logOutFromApplication" time="0.0"/>
  <testcase classname="AllClasses.MyFirstSeleniumScript7" name="Slenium7" time="8.098"/>
  <testcase classname="AllClasses.MyFirstTestNGTest" name="test1" time="0.0"/>
  <testcase classname="AllClasses.MyFirstTestNGTest" name="test2" time="0.008"/>
  <testcase classname="AllClasses.MyFirstTestNGTest" name="test3" time="0.003"/>
  <testcase classname="AllClasses.LoginTest" name="invalidUsernameandPassword" time="1.07"/>
  <testcase classname="AllClasses.MyFirstSeleniumScript" name="Selenium2" time="15.77"/>
  <testcase classname="AllClasses.LoginTest" name="noUsernameandPassword" time="0.07"/>
  <testcase classname="AllClasses.MySeleniumProject4" name="Project" time="31.475"/>
  <testcase classname="AllClasses.LoginTest" name="validUsernameandPassword" time="3.363"/>
  <testcase classname="AllClasses.MyFirstSeleniumScript2" name="Selenium3" time="35.381"/>
  <testcase classname="AllClasses.LoginTest" name="validusernameinvalidPassword" time="0.114"/>
</testsuite> <!-- Test1 -->
